[0.009s] Invoking command in '/home/liuwanyun/Vision_Arena_2025/src/player_pkg/build/player_pkg': CMAKE_PREFIX_PATH=/opt/ros/humble /usr/bin/cmake /home/liuwanyun/Vision_Arena_2025/src/player_pkg -DCMAKE_INSTALL_PREFIX=/home/liuwanyun/Vision_Arena_2025/src/player_pkg/install/player_pkg
[0.034s] -- Found ament_cmake: 1.3.12 (/opt/ros/humble/share/ament_cmake/cmake)
[0.157s] -- Found rclcpp: 16.0.15 (/opt/ros/humble/share/rclcpp/cmake)
[0.201s] -- Found rosidl_generator_c: 3.1.7 (/opt/ros/humble/share/rosidl_generator_c/cmake)
[0.205s] -- Found rosidl_adapter: 3.1.7 (/opt/ros/humble/share/rosidl_adapter/cmake)
[0.211s] -- Found rosidl_generator_cpp: 3.1.7 (/opt/ros/humble/share/rosidl_generator_cpp/cmake)
[0.219s] -- Using all available rosidl_typesupport_c: rosidl_typesupport_fastrtps_c;rosidl_typesupport_introspection_c
[0.229s] -- Using all available rosidl_typesupport_cpp: rosidl_typesupport_fastrtps_cpp;rosidl_typesupport_introspection_cpp
[0.267s] -- Found rmw_implementation_cmake: 6.1.2 (/opt/ros/humble/share/rmw_implementation_cmake/cmake)
[0.268s] -- Found rmw_fastrtps_cpp: 6.2.9 (/opt/ros/humble/share/rmw_fastrtps_cpp/cmake)
[0.373s] -- Using RMW implementation 'rmw_fastrtps_cpp' as default
[0.428s] -- Found gazebo_msgs: 3.9.0 (/opt/ros/humble/share/gazebo_msgs/cmake)
[0.512s] [31mCMake Error at CMakeLists.txt:14 (find_package):
[0.512s]   By not providing "Findpose_msg.cmake" in CMAKE_MODULE_PATH this project has
[0.512s]   asked CMake to find a package configuration file provided by "pose_msg",
[0.513s]   but CMake did not find one.
[0.513s] 
[0.513s]   Could not find a package configuration file provided by "pose_msg" with any
[0.513s]   of the following names:
[0.513s] 
[0.513s]     pose_msgConfig.cmake
[0.513s]     pose_msg-config.cmake
[0.513s] 
[0.513s]   Add the installation prefix of "pose_msg" to CMAKE_PREFIX_PATH or set
[0.513s]   "pose_msg_DIR" to a directory containing one of the above files.  If
[0.513s]   "pose_msg" provides a separate development package or SDK, be sure it has
[0.513s]   been installed.
[0.513s] 
[0.513s] [0m
[0.513s] -- Configuring incomplete, errors occurred!
[0.513s] See also "/home/liuwanyun/Vision_Arena_2025/src/player_pkg/build/player_pkg/CMakeFiles/CMakeOutput.log".
[0.519s] Invoked command in '/home/liuwanyun/Vision_Arena_2025/src/player_pkg/build/player_pkg' returned '1': CMAKE_PREFIX_PATH=/opt/ros/humble /usr/bin/cmake /home/liuwanyun/Vision_Arena_2025/src/player_pkg -DCMAKE_INSTALL_PREFIX=/home/liuwanyun/Vision_Arena_2025/src/player_pkg/install/player_pkg
