[0.015s] Invoking command in '/home/liuwanyun/Vision_Arena_2025/src/player_pkg/build/player_pkg': CMAKE_PREFIX_PATH=/opt/ros/humble /usr/bin/cmake /home/liuwanyun/Vision_Arena_2025/src/player_pkg -DCMAKE_INSTALL_PREFIX=/home/liuwanyun/Vision_Arena_2025/src/player_pkg/install/player_pkg
[0.222s] -- The C compiler identification is GNU 11.4.0
[0.312s] -- The CXX compiler identification is GNU 11.4.0
[0.323s] -- Detecting C compiler ABI info
[0.452s] -- Detecting C compiler ABI info - done
[0.457s] -- Check for working C compiler: /usr/bin/cc - skipped
[0.465s] -- Detecting C compile features
[0.465s] -- Detecting C compile features - done
[0.473s] -- Detecting CXX compiler ABI info
[0.626s] -- Detecting CXX compiler ABI info - done
[0.641s] -- Check for working CXX compiler: /usr/bin/c++ - skipped
[0.641s] -- Detecting CXX compile features
[0.641s] -- Detecting CXX compile features - done
[0.674s] -- Found ament_cmake: 1.3.12 (/opt/ros/humble/share/ament_cmake/cmake)
[0.855s] -- Found Python3: /usr/bin/python3 (found version "3.10.12") found components: Interpreter 
[1.016s] -- Found rclcpp: 16.0.15 (/opt/ros/humble/share/rclcpp/cmake)
[1.110s] -- Found rosidl_generator_c: 3.1.7 (/opt/ros/humble/share/rosidl_generator_c/cmake)
[1.126s] -- Found rosidl_adapter: 3.1.7 (/opt/ros/humble/share/rosidl_adapter/cmake)
[1.154s] -- Found rosidl_generator_cpp: 3.1.7 (/opt/ros/humble/share/rosidl_generator_cpp/cmake)
[1.186s] -- Using all available rosidl_typesupport_c: rosidl_typesupport_fastrtps_c;rosidl_typesupport_introspection_c
[1.214s] -- Using all available rosidl_typesupport_cpp: rosidl_typesupport_fastrtps_cpp;rosidl_typesupport_introspection_cpp
[1.322s] -- Found rmw_implementation_cmake: 6.1.2 (/opt/ros/humble/share/rmw_implementation_cmake/cmake)
[1.332s] -- Found rmw_fastrtps_cpp: 6.2.9 (/opt/ros/humble/share/rmw_fastrtps_cpp/cmake)
[1.542s] -- Found OpenSSL: /usr/lib/x86_64-linux-gnu/libcrypto.so (found version "3.0.2")  
[1.585s] -- Found FastRTPS: /opt/ros/humble/include  
[1.660s] -- Using RMW implementation 'rmw_fastrtps_cpp' as default
[1.687s] -- Looking for pthread.h
[1.816s] -- Looking for pthread.h - found
[1.816s] -- Performing Test CMAKE_HAVE_LIBC_PTHREAD
[1.921s] -- Performing Test CMAKE_HAVE_LIBC_PTHREAD - Success
[1.923s] -- Found Threads: TRUE  
[2.047s] -- Found gazebo_msgs: 3.9.0 (/opt/ros/humble/share/gazebo_msgs/cmake)
[2.154s] -- Found OpenCV: /usr/local (found version "4.5.5") 
[2.164s] -- Configuring incomplete, errors occurred!
[2.164s] See also "/home/liuwanyun/Vision_Arena_2025/src/player_pkg/build/player_pkg/CMakeFiles/CMakeOutput.log".
[2.165s] [31mCMake Error at CMakeLists.txt:14 (find_package):
[2.165s]   By not providing "Findpose_msg.cmake" in CMAKE_MODULE_PATH this project has
[2.165s]   asked CMake to find a package configuration file provided by "pose_msg",
[2.165s]   but CMake did not find one.
[2.165s] 
[2.165s]   Could not find a package configuration file provided by "pose_msg" with any
[2.165s]   of the following names:
[2.166s] 
[2.166s]     pose_msgConfig.cmake
[2.166s]     pose_msg-config.cmake
[2.166s] 
[2.166s]   Add the installation prefix of "pose_msg" to CMAKE_PREFIX_PATH or set
[2.166s]   "pose_msg_DIR" to a directory containing one of the above files.  If
[2.166s]   "pose_msg" provides a separate development package or SDK, be sure it has
[2.166s]   been installed.
[2.166s] 
[2.166s] [0m
[2.185s] Invoked command in '/home/liuwanyun/Vision_Arena_2025/src/player_pkg/build/player_pkg' returned '1': CMAKE_PREFIX_PATH=/opt/ros/humble /usr/bin/cmake /home/liuwanyun/Vision_Arena_2025/src/player_pkg -DCMAKE_INSTALL_PREFIX=/home/liuwanyun/Vision_Arena_2025/src/player_pkg/install/player_pkg
